<?xml version="1.0" encoding="UTF-8"?>
<!-- Generated by org.testng.reporters.JUnitReportReporter -->
<testsuite skipped="0" hostname="DESKTOP-PC1E61D" name="mavenDemo.AppTest" tests="1" failures="0" timestamp="22 Feb 2020 04:50:23 GMT" time="0.016" errors="0">
  <testcase name="testApp" time="0.016" classname="mavenDemo.AppTest"/>
</testsuite> <!-- mavenDemo.AppTest -->
