<?xml version="1.0" encoding="UTF-8"?>
<!-- Generated by org.testng.reporters.JUnitReportReporter -->
<testsuite skipped="0" hostname="DESKTOP-PC1E61D" name="NewTest" tests="1" failures="0" timestamp="22 Feb 2020 04:50:23 GMT" time="0.000" errors="0">
  <testcase name="f" time="0.000" classname="NewTest"/>
</testsuite> <!-- NewTest -->
